0 info it worked if it ends with ok
1 verbose cli [ 'F:\\nood.js\\node.exe',
1 verbose cli   'F:\\nood.js\\node_modules\\npm\\bin\\npm-cli.js',
1 verbose cli   'run',
1 verbose cli   'serve' ]
2 info using npm@3.10.10
3 info using node@v6.10.0
4 verbose run-script [ 'preserve', 'serve', 'postserve' ]
5 info lifecycle @~preserve: @
6 silly lifecycle @~preserve: no script for preserve, continuing
7 info lifecycle @~serve: @
8 verbose lifecycle @~serve: unsafe-perm in lifecycle true
9 verbose lifecycle @~serve: PATH: F:\nood.js\node_modules\npm\bin\node-gyp-bin;F:\leanmess\lean-demo\Web\node_modules\.bin;C:\ProgramData\Oracle\Java\javapath;C:\Program Files\Java\jre1.8.0_121in;C:\Program Files\Java\jre1.8.0_121\jrein;F:\install\Windows Performance Toolkit\;F:\nood.js\;F:\Git\cmd;C:\Users\zhangsong\AppData\Roaming\npm
10 verbose lifecycle @~serve: CWD: F:\leanmess\lean-demo\Web
11 silly lifecycle @~serve: Args: [ '/d /s /c', 'gulp serve' ]
12 silly lifecycle @~serve: Returned: code: 3221225786  signal: null
13 info lifecycle @~serve: Failed to exec serve script
14 verbose stack Error: @ serve: `gulp serve`
14 verbose stack Exit status 3221225786
14 verbose stack     at EventEmitter.<anonymous> (F:\nood.js\node_modules\npm\lib\utils\lifecycle.js:255:16)
14 verbose stack     at emitTwo (events.js:106:13)
14 verbose stack     at EventEmitter.emit (events.js:191:7)
14 verbose stack     at ChildProcess.<anonymous> (F:\nood.js\node_modules\npm\lib\utils\spawn.js:40:14)
14 verbose stack     at emitTwo (events.js:106:13)
14 verbose stack     at ChildProcess.emit (events.js:191:7)
14 verbose stack     at maybeClose (internal/child_process.js:877:16)
14 verbose stack     at Process.ChildProcess._handle.onexit (internal/child_process.js:226:5)
15 verbose pkgid @
16 verbose cwd F:\leanmess\lean-demo\Web
17 error Windows_NT 6.3.9600
18 error argv "F:\\nood.js\\node.exe" "F:\\nood.js\\node_modules\\npm\\bin\\npm-cli.js" "run" "serve"
19 error node v6.10.0
20 error npm  v3.10.10
21 error code ELIFECYCLE
22 error @ serve: `gulp serve`
22 error Exit status 3221225786
23 error Failed at the @ serve script 'gulp serve'.
23 error Make sure you have the latest version of node.js and npm installed.
23 error If you do, this is most likely a problem with the  package,
23 error not with npm itself.
23 error Tell the author that this fails on your system:
23 error     gulp serve
23 error You can get information on how to open an issue for this project with:
23 error     npm bugs
23 error Or if that isn't available, you can get their info via:
23 error     npm owner ls
23 error There is likely additional logging output above.
24 verbose exit [ 1, true ]
